<?xml version="1.0" encoding="UTF-8"?>
<testng-results skipped="0" failed="0" ignored="3" total="4" passed="1">
  <reporter-output>
  </reporter-output>
  <suite name="Web自动化项目" duration-ms="51721" started-at="2020-03-28T08:23:08Z" finished-at="2020-03-28T08:24:00Z">
    <groups>
    </groups>
    <test name="前程贷" duration-ms="51721" started-at="2020-03-28T08:23:08Z" finished-at="2020-03-28T08:24:00Z">
      <class name="com.lemon.testcases.Login">
        <test-method status="PASS" signature="setUp(java.lang.String)[pri:0, instance:com.lemon.testcases.Login@6d0b5baf]" name="setUp" is-config="true" duration-ms="6683" started-at="2020-03-28T08:23:08Z" finished-at="2020-03-28T08:23:15Z">
          <params>
            <param index="0">
              <value>
                <![CDATA[chrome]]>
              </value>
            </param>
          </params>
          <reporter-output>
          </reporter-output>
        </test-method> <!-- setUp -->
        <test-method status="PASS" signature="testRemeberMobilehone()[pri:0, instance:com.lemon.testcases.Login@6d0b5baf]" name="testRemeberMobilehone" duration-ms="44059" started-at="2020-03-28T08:23:15Z" finished-at="2020-03-28T08:23:59Z">
          <reporter-output>
          </reporter-output>
        </test-method> <!-- testRemeberMobilehone -->
        <test-method status="PASS" signature="tearDown()[pri:0, instance:com.lemon.testcases.Login@6d0b5baf]" name="tearDown" is-config="true" duration-ms="671" started-at="2020-03-28T08:23:59Z" finished-at="2020-03-28T08:24:00Z">
          <reporter-output>
          </reporter-output>
        </test-method> <!-- tearDown -->
        <test-method status="PASS" signature="tearDownSuite()[pri:0, instance:com.lemon.testcases.Login@6d0b5baf]" name="tearDownSuite" is-config="true" duration-ms="0" started-at="2020-03-28T08:24:00Z" finished-at="2020-03-28T08:24:00Z">
          <reporter-output>
          </reporter-output>
        </test-method> <!-- tearDownSuite -->
      </class> <!-- com.lemon.testcases.Login -->
    </test> <!-- 前程贷 -->
  </suite> <!-- Web自动化项目 -->
</testng-results>
