<?xml version="1.0" encoding="UTF-8"?>
<!-- Generated by org.testng.reporters.JUnitXMLReporter -->
<testsuite hostname="Edword-PC" ignored="3" name="前程贷" tests="1" failures="0" timestamp="28 三月 2020 08:24:00 GMT" time="51.721" errors="0">
  <testcase name="testRemeberMobilehone" time="44.059" classname="com.lemon.testcases.Login"/>
  <testcase name="testLogin_success" time="0.0" classname="com.lemon.testcases.Login">
    <ignored/>
  </testcase> <!-- testLogin_success -->
  <testcase name="testLogin_failure02" time="0.0" classname="com.lemon.testcases.Login">
    <ignored/>
  </testcase> <!-- testLogin_failure02 -->
  <testcase name="testLogin_failure01" time="0.0" classname="com.lemon.testcases.Login">
    <ignored/>
  </testcase> <!-- testLogin_failure01 -->
</testsuite> <!-- 前程贷 -->
